Tue Aug  7 11:32:22 CEST 2018: syslog.warning action 'action 9' suspended, next retry is Tue Aug  7 11:32:52 2018 [v8.16.0 try http://www.rsyslog.com/e/2007 ]
Tue Aug  7 11:32:22 CEST 2018: kern.warning [    0.000000] ACPI: RSDP 0x00000000000F03F0 000024 (v02 INTEL )
Tue Aug  7 11:32:22 CEST 2018: kern.warning [    0.000000] ACPI: XSDT 0x000000007F458F10 000044 (v01 INTEL  DG31PR   06222004 MSFT 00010013)
Tue Aug  7 11:32:22 CEST 2018: kern.warning [    0.000000] ACPI: FACP 0x000000007F456D90 0000F4 (v04 INTEL  DG31PR   06222004 MSFT 00010013)
Tue Aug  7 11:32:22 CEST 2018: kern.warning [    0.000000] ACPI: DSDT 0x000000007F451010 004BE9 (v01 INTEL  DG31PR   00000000 INTL 20051117)
Tue Aug  7 11:32:22 CEST 2018: kern.warning [    0.000000] ACPI: FACS 0x000000007F45BF40 000040
Tue Aug  7 11:32:22 CEST 2018: kern.warning [    0.000000] ACPI: FACS 0x000000007F457F40 000040
Tue Aug  7 11:32:22 CEST 2018: kern.warning [    0.000000] ACPI: APIC 0x000000007F456F10 00006C (v02 INTEL  DG31PR   06222004 MSFT 00010013)
Tue Aug  7 11:32:22 CEST 2018: kern.warning [    0.000000] ACPI: HPET 0x000000007F45FD10 000038 (v01 INTEL  ICH7HPET 06222004 AMI. 00000001)
Tue Aug  7 11:32:22 CEST 2018: kern.warning [    0.000000] ACPI: MCFG 0x000000007F45FC10 00003C (v01 INTEL  DG31PR   06222004 MSFT 00000097)
Tue Aug  7 11:32:22 CEST 2018: kern.warning [    0.010084] ACPI: 1 ACPI AML tables successfully acquired and loaded
Tue Aug  7 11:32:22 CEST 2018: kern.warning [    0.108010] PCCT header not found.
Tue Aug  7 11:32:22 CEST 2018: kern.warning [    0.117576] ACPI: Executed 1 blocks of module-level executable AML code
Tue Aug  7 11:32:22 CEST 2018: kern.warning [    0.120132] ACPI: Dynamic OEM Table Load:
Tue Aug  7 11:32:22 CEST 2018: kern.warning [    0.120138] ACPI: SSDT 0xFFFF88007ED97800 0002CC (v01 AMI    IST      00000001 MSFT 03000001)
Tue Aug  7 11:32:22 CEST 2018: kern.warning [    0.129577] ACPI: Enabled 3 GPEs in block 00 to 1F
Tue Aug  7 11:32:22 CEST 2018: kern.warning [    1.748013] pci 0000:00:1d.7: EHCI: BIOS handoff failed (BIOS bug?) 01010001
Tue Aug  7 11:32:22 CEST 2018: kern.warning [    9.543058] zavl: loading out-of-tree module taints kernel.
Tue Aug  7 11:32:22 CEST 2018: kern.warning [    9.543063] zavl: module license 'CDDL' taints kernel.
Tue Aug  7 11:32:22 CEST 2018: kern.warning [    9.543064] Disabling lock debugging due to kernel taint
Tue Aug  7 11:32:22 CEST 2018: kern.warning [    9.898908] SPL: The /etc/hostid file is not found.
Tue Aug  7 11:32:22 CEST 2018: kern.warning [   19.607712] intel_rng: Firmware space is locked read-only. If you can't or
Tue Aug  7 11:32:22 CEST 2018: kern.warning [   19.607712] intel_rng: don't want to disable this in firmware setup, and if
Tue Aug  7 11:32:22 CEST 2018: kern.warning [   19.607712] intel_rng: you are certain that your system has a functional
Tue Aug  7 11:32:22 CEST 2018: kern.warning [   19.607712] intel_rng: RNG, try using the 'no_fwh_detect' option.
Tue Aug  7 11:32:22 CEST 2018: daemon.warning <28>Aug  7 11:32:16 systemd-tmpfiles[1648]: [/usr/lib/tmpfiles.d/var.conf:14] Duplicate line for path "/var/log", ignoring.
Tue Aug  7 11:32:22 CEST 2018: daemon.warning <28>Aug  7 11:32:19 zed: eid=1 class=statechange
Tue Aug  7 11:32:22 CEST 2018: daemon.warning <28>Aug  7 11:32:19 zed: eid=2 class=config.sync pool=rootpool
Tue Aug  7 11:32:22 CEST 2018: daemon.warning <28>Aug  7 11:32:19 zed: eid=3 class=config.sync pool=rootpool
Tue Aug  7 11:32:22 CEST 2018: syslog.err command 'KLogPermitNonKernelFacility' is currently not permitted - did you already set it via a RainerScript command (v6+ config)? [v8.16.0 try http://www.rsyslog.com/e/2222 ]
Tue Aug  7 11:32:23 CEST 2018: syslog.err Could not open output pipe '/dev/xconsole':: No such file or directory [v8.16.0 try http://www.rsyslog.com/e/2039 ]
Tue Aug  7 11:32:23 CEST 2018: user.err <11>Aug  7 11:32:21 mcelog: failed to prefill DIMM database from DMI data
Tue Aug  7 11:32:23 CEST 2018: mail.err <19>Aug  7 11:32:23 msmtp: host=szerver03.petav.local tls=on auth=on user=host-clients from=root@szerver03.petav.local recipients=root@szerver03.petav.local errormsg='cannot locate host szerver03.petav.local: Name or service not known' exitcode=EX_NOHOST
Tue Aug  7 11:32:23 CEST 2018: mail.err <19>Aug  7 11:32:23 msmtp: host=szerver03.petav.local tls=on auth=on user=host-clients from=root@szerver03.petav.local recipients=root@szerver03.petav.local errormsg='cannot locate host szerver03.petav.local: Name or service not known' exitcode=EX_NOHOST
Tue Aug  7 11:32:24 CEST 2018: mail.err <19>Aug  7 11:32:23 msmtp: message repeated 3 times: [ host=szerver03.petav.local tls=on auth=on user=host-clients from=root@szerver03.petav.local recipients=root@szerver03.petav.local errormsg='cannot locate host szerver03.petav.local: Name or service not known' exitcode=EX_NOHOST]
Tue Aug  7 11:32:24 CEST 2018: mail.err <19>Aug  7 11:32:24 msmtp: host=szerver03.petav.local tls=on auth=on user=host-clients from=root@szerver03.petav.local recipients=root@szerver03.petav.local errormsg='cannot locate host szerver03.petav.local: Name or service not known' exitcode=EX_NOHOST
Tue Aug  7 11:32:24 CEST 2018: mail.err <19>Aug  7 11:32:24 msmtp: host=szerver03.petav.local tls=on auth=on user=host-clients from=root@szerver03.petav.local recipients=root@szerver03.petav.local errormsg='cannot locate host szerver03.petav.local: Name or service not known' exitcode=EX_NOHOST
Tue Aug  7 11:32:24 CEST 2018: mail.err <19>Aug  7 11:32:24 msmtp: host=szerver03.petav.local tls=on auth=on user=host-clients from=root@szerver03.petav.local recipients=root@szerver03.petav.local errormsg='cannot locate host szerver03.petav.local: Name or service not known' exitcode=EX_NOHOST
Tue Aug  7 11:32:24 CEST 2018: mail.err <19>Aug  7 11:32:24 msmtp: host=szerver03.petav.local tls=on auth=on user=host-clients from=root@szerver03.petav.local recipients=root@szerver03.petav.local errormsg='cannot locate host szerver03.petav.local: Name or service not known' exitcode=EX_NOHOST
Tue Aug  7 11:32:24 CEST 2018: mail.err <19>Aug  7 11:32:24 msmtp: host=szerver03.petav.local tls=on auth=on user=host-clients from=root@szerver03.petav.local recipients=root@szerver03.petav.local errormsg='cannot locate host szerver03.petav.local: Name or service not known' exitcode=EX_NOHOST
Tue Aug  7 11:32:24 CEST 2018: mail.err <19>Aug  7 11:32:24 msmtp: host=szerver03.petav.local tls=on auth=on user=host-clients from=root@szerver03.petav.local recipients=root@szerver03.petav.local errormsg='cannot locate host szerver03.petav.local: Name or service not known' exitcode=EX_NOHOST
Tue Aug  7 11:32:24 CEST 2018: mail.err <19>Aug  7 11:32:24 msmtp: host=szerver03.petav.local tls=on auth=on user=host-clients from=root@szerver03.petav.local recipients=root@szerver03.petav.local errormsg='cannot locate host szerver03.petav.local: Name or service not known' exitcode=EX_NOHOST
Tue Aug  7 11:32:24 CEST 2018: mail.err <19>Aug  7 11:32:24 msmtp: host=szerver03.petav.local tls=on auth=on user=host-clients from=root@szerver03.petav.local recipients=root@szerver03.petav.local errormsg='cannot locate host szerver03.petav.local: Name or service not known' exitcode=EX_NOHOST
Tue Aug  7 11:32:24 CEST 2018: mail.err <19>Aug  7 11:32:24 msmtp: host=szerver03.petav.local tls=on auth=on user=host-clients from=root@szerver03.petav.local recipients=root@szerver03.petav.local errormsg='cannot locate host szerver03.petav.local: Name or service not known' exitcode=EX_NOHOST
Tue Aug  7 11:32:24 CEST 2018: mail.err <19>Aug  7 11:32:24 msmtp: host=szerver03.petav.local tls=on auth=on user=host-clients from=root@szerver03.petav.local recipients=root@szerver03.petav.local errormsg='cannot locate host szerver03.petav.local: Name or service not known' exitcode=EX_NOHOST
Tue Aug  7 11:32:24 CEST 2018: mail.err <19>Aug  7 11:32:24 msmtp: host=szerver03.petav.local tls=on auth=on user=host-clients from=root@szerver03.petav.local recipients=root@szerver03.petav.local errormsg='cannot locate host szerver03.petav.local: Name or service not known' exitcode=EX_NOHOST
Tue Aug  7 11:32:24 CEST 2018: mail.err <19>Aug  7 11:32:24 msmtp: host=szerver03.petav.local tls=on auth=on user=host-clients from=root@szerver03.petav.local recipients=root@szerver03.petav.local errormsg='cannot locate host szerver03.petav.local: Name or service not known' exitcode=EX_NOHOST
Tue Aug  7 11:32:24 CEST 2018: mail.err <19>Aug  7 11:32:24 msmtp: host=szerver03.petav.local tls=on auth=on user=host-clients from=root@szerver03.petav.local recipients=root@szerver03.petav.local errormsg='cannot locate host szerver03.petav.local: Name or service not known' exitcode=EX_NOHOST
Tue Aug  7 11:32:24 CEST 2018: mail.err <19>Aug  7 11:32:24 msmtp: host=szerver03.petav.local tls=on auth=on user=host-clients from=root@szerver03.petav.local recipients=root@szerver03.petav.local errormsg='cannot locate host szerver03.petav.local: Name or service not known' exitcode=EX_NOHOST
Tue Aug  7 11:32:24 CEST 2018: kern.warning [   31.599401] audit_printk_skb: 24 callbacks suppressed
Tue Aug  7 11:32:24 CEST 2018: mail.err <19>Aug  7 11:32:24 msmtp: host=szerver03.petav.local tls=on auth=on user=host-clients from=root@szerver03.petav.local recipients=root@szerver03.petav.local errormsg='cannot locate host szerver03.petav.local: Name or service not known' exitcode=EX_NOHOST
Tue Aug  7 11:32:24 CEST 2018: mail.err <19>Aug  7 11:32:24 msmtp: host=szerver03.petav.local tls=on auth=on user=host-clients from=root@szerver03.petav.local recipients=root@szerver03.petav.local errormsg='cannot locate host szerver03.petav.local: Name or service not known' exitcode=EX_NOHOST
Tue Aug  7 11:32:24 CEST 2018: mail.err <19>Aug  7 11:32:24 msmtp: host=szerver03.petav.local tls=on auth=on user=host-clients from=root@szerver03.petav.local recipients=root@szerver03.petav.local errormsg='cannot locate host szerver03.petav.local: Name or service not known' exitcode=EX_NOHOST
Tue Aug  7 11:32:24 CEST 2018: kern.warning <4>Aug  7 11:32:24 NetworkManager[1875]: <warn>  [1533634344.7460] SettingsPlugin-Ofono: file doesn't exist: /var/lib/ofono
Tue Aug  7 11:32:24 CEST 2018: mail.err <19>Aug  7 11:32:24 msmtp: host=szerver03.petav.local tls=on auth=on user=host-clients from=root@szerver03.petav.local recipients=root@szerver03.petav.local errormsg='cannot locate host szerver03.petav.local: Name or service not known' exitcode=EX_NOHOST
Tue Aug  7 11:32:24 CEST 2018: mail.err <19>Aug  7 11:32:24 msmtp: host=szerver03.petav.local tls=on auth=on user=host-clients from=root@szerver03.petav.local recipients=root@szerver03.petav.local errormsg='cannot locate host szerver03.petav.local: Name or service not known' exitcode=EX_NOHOST
Tue Aug  7 11:32:24 CEST 2018: mail.err <19>Aug  7 11:32:24 msmtp: host=szerver03.petav.local tls=on auth=on user=host-clients from=root@szerver03.petav.local recipients=root@szerver03.petav.local errormsg='cannot locate host szerver03.petav.local: Name or service not known' exitcode=EX_NOHOST
Tue Aug  7 11:32:24 CEST 2018: mail.err <19>Aug  7 11:32:24 msmtp: host=szerver03.petav.local tls=on auth=on user=host-clients from=root@szerver03.petav.local recipients=root@szerver03.petav.local errormsg='cannot locate host szerver03.petav.local: Name or service not known' exitcode=EX_NOHOST
Tue Aug  7 11:32:24 CEST 2018: mail.err <19>Aug  7 11:32:24 msmtp: host=szerver03.petav.local tls=on auth=on user=host-clients from=root@szerver03.petav.local recipients=root@szerver03.petav.local errormsg='cannot locate host szerver03.petav.local: Name or service not known' exitcode=EX_NOHOST
Tue Aug  7 11:32:24 CEST 2018: mail.err <19>Aug  7 11:32:24 msmtp: host=szerver03.petav.local tls=on auth=on user=host-clients from=root@szerver03.petav.local recipients=root@szerver03.petav.local errormsg='cannot locate host szerver03.petav.local: Name or service not known' exitcode=EX_NOHOST
Tue Aug  7 11:32:24 CEST 2018: mail.err <19>Aug  7 11:32:24 msmtp: host=szerver03.petav.local tls=on auth=on user=host-clients from=root@szerver03.petav.local recipients=root@szerver03.petav.local errormsg='cannot locate host szerver03.petav.local: Name or service not known' exitcode=EX_NOHOST
Tue Aug  7 11:32:24 CEST 2018: mail.err <19>Aug  7 11:32:24 msmtp: host=szerver03.petav.local tls=on auth=on user=host-clients from=root@szerver03.petav.local recipients=root@szerver03.petav.local errormsg='cannot locate host szerver03.petav.local: Name or service not known' exitcode=EX_NOHOST
Tue Aug  7 11:32:24 CEST 2018: mail.err <19>Aug  7 11:32:24 msmtp: host=szerver03.petav.local tls=on auth=on user=host-clients from=root@szerver03.petav.local recipients=root@szerver03.petav.local errormsg='cannot locate host szerver03.petav.local: Name or service not known' exitcode=EX_NOHOST
Tue Aug  7 11:32:24 CEST 2018: mail.err <19>Aug  7 11:32:24 msmtp: host=szerver03.petav.local tls=on auth=on user=host-clients from=root@szerver03.petav.local recipients=root@szerver03.petav.local errormsg='cannot locate host szerver03.petav.local: Name or service not known' exitcode=EX_NOHOST
Tue Aug  7 11:32:24 CEST 2018: mail.err <19>Aug  7 11:32:24 msmtp: host=szerver03.petav.local tls=on auth=on user=host-clients from=root@szerver03.petav.local recipients=root@szerver03.petav.local errormsg='cannot locate host szerver03.petav.local: Name or service not known' exitcode=EX_NOHOST
Tue Aug  7 11:32:24 CEST 2018: mail.err <19>Aug  7 11:32:24 msmtp: host=szerver03.petav.local tls=on auth=on user=host-clients from=root@szerver03.petav.local recipients=root@szerver03.petav.local errormsg='cannot locate host szerver03.petav.local: Name or service not known' exitcode=EX_NOHOST
Tue Aug  7 11:32:25 CEST 2018: mail.err <19>Aug  7 11:32:24 msmtp: host=szerver03.petav.local tls=on auth=on user=host-clients from=root@szerver03.petav.local recipients=root@szerver03.petav.local errormsg='cannot locate host szerver03.petav.local: Name or service not known' exitcode=EX_NOHOST
Tue Aug  7 11:32:25 CEST 2018: mail.err <19>Aug  7 11:32:25 msmtp: host=szerver03.petav.local tls=on auth=on user=host-clients from=root@szerver03.petav.local recipients=root@szerver03.petav.local errormsg='cannot locate host szerver03.petav.local: Name or service not known' exitcode=EX_NOHOST
Tue Aug  7 11:32:25 CEST 2018: mail.err <19>Aug  7 11:32:25 msmtp: host=szerver03.petav.local tls=on auth=on user=host-clients from=root@szerver03.petav.local recipients=root@szerver03.petav.local errormsg='cannot locate host szerver03.petav.local: Name or service not known' exitcode=EX_NOHOST
Tue Aug  7 11:32:25 CEST 2018: mail.err <19>Aug  7 11:32:25 msmtp: host=szerver03.petav.local tls=on auth=on user=host-clients from=root@szerver03.petav.local recipients=root@szerver03.petav.local errormsg='cannot locate host szerver03.petav.local: Name or service not known' exitcode=EX_NOHOST
Tue Aug  7 11:32:25 CEST 2018: mail.err <19>Aug  7 11:32:25 msmtp: host=szerver03.petav.local tls=on auth=on user=host-clients from=root@szerver03.petav.local recipients=root@szerver03.petav.local errormsg='cannot locate host szerver03.petav.local: Name or service not known' exitcode=EX_NOHOST
Tue Aug  7 11:32:25 CEST 2018: mail.err <19>Aug  7 11:32:25 msmtp: host=szerver03.petav.local tls=on auth=on user=host-clients from=root@szerver03.petav.local recipients=root@szerver03.petav.local errormsg='cannot locate host szerver03.petav.local: Name or service not known' exitcode=EX_NOHOST
Tue Aug  7 11:32:25 CEST 2018: mail.err <19>Aug  7 11:32:25 msmtp: host=szerver03.petav.local tls=on auth=on user=host-clients from=root@szerver03.petav.local recipients=root@szerver03.petav.local errormsg='cannot locate host szerver03.petav.local: Name or service not known' exitcode=EX_NOHOST
Tue Aug  7 11:32:25 CEST 2018: mail.err <19>Aug  7 11:32:25 msmtp: host=szerver03.petav.local tls=on auth=on user=host-clients from=root@szerver03.petav.local recipients=root@szerver03.petav.local errormsg='cannot locate host szerver03.petav.local: Name or service not known' exitcode=EX_NOHOST
Tue Aug  7 11:32:25 CEST 2018: mail.err <19>Aug  7 11:32:25 msmtp: host=szerver03.petav.local tls=on auth=on user=host-clients from=root@szerver03.petav.local recipients=root@szerver03.petav.local errormsg='cannot locate host szerver03.petav.local: Name or service not known' exitcode=EX_NOHOST
Tue Aug  7 11:32:25 CEST 2018: mail.err <19>Aug  7 11:32:25 msmtp: host=szerver03.petav.local tls=on auth=on user=host-clients from=root@szerver03.petav.local recipients=root@szerver03.petav.local errormsg='cannot locate host szerver03.petav.local: Name or service not known' exitcode=EX_NOHOST
Tue Aug  7 11:32:25 CEST 2018: mail.err <19>Aug  7 11:32:25 msmtp: host=szerver03.petav.local tls=on auth=on user=host-clients from=root@szerver03.petav.local recipients=root@szerver03.petav.local errormsg='cannot locate host szerver03.petav.local: Name or service not known' exitcode=EX_NOHOST
Tue Aug  7 11:32:25 CEST 2018: mail.err <19>Aug  7 11:32:25 msmtp: host=szerver03.petav.local tls=on auth=on user=host-clients from=root@szerver03.petav.local recipients=root@szerver03.petav.local errormsg='cannot locate host szerver03.petav.local: Name or service not known' exitcode=EX_NOHOST
Tue Aug  7 11:32:25 CEST 2018: mail.err <19>Aug  7 11:32:25 msmtp: host=szerver03.petav.local tls=on auth=on user=host-clients from=root@szerver03.petav.local recipients=root@szerver03.petav.local errormsg='cannot locate host szerver03.petav.local: Name or service not known' exitcode=EX_NOHOST
Tue Aug  7 11:32:25 CEST 2018: mail.err <19>Aug  7 11:32:25 msmtp: host=szerver03.petav.local tls=on auth=on user=host-clients from=root@szerver03.petav.local recipients=root@szerver03.petav.local errormsg='cannot locate host szerver03.petav.local: Name or service not known' exitcode=EX_NOHOST
Tue Aug  7 11:32:25 CEST 2018: mail.err <19>Aug  7 11:32:25 msmtp: host=szerver03.petav.local tls=on auth=on user=host-clients from=root@szerver03.petav.local recipients=root@szerver03.petav.local errormsg='cannot locate host szerver03.petav.local: Name or service not known' exitcode=EX_NOHOST
Tue Aug  7 11:32:25 CEST 2018: mail.err <19>Aug  7 11:32:25 msmtp: host=szerver03.petav.local tls=on auth=on user=host-clients from=root@szerver03.petav.local recipients=root@szerver03.petav.local errormsg='cannot locate host szerver03.petav.local: Name or service not known' exitcode=EX_NOHOST
Tue Aug  7 11:32:25 CEST 2018: mail.err <19>Aug  7 11:32:25 msmtp: host=szerver03.petav.local tls=on auth=on user=host-clients from=root@szerver03.petav.local recipients=root@szerver03.petav.local errormsg='cannot locate host szerver03.petav.local: Name or service not known' exitcode=EX_NOHOST
Tue Aug  7 11:32:25 CEST 2018: mail.err <19>Aug  7 11:32:25 msmtp: host=szerver03.petav.local tls=on auth=on user=host-clients from=root@szerver03.petav.local recipients=root@szerver03.petav.local errormsg='cannot locate host szerver03.petav.local: Name or service not known' exitcode=EX_NOHOST
Tue Aug  7 11:32:25 CEST 2018: kern.err <3>Aug  7 11:32:25 NetworkManager[1875]: nm_device_get_device_type: assertion 'NM_IS_DEVICE (self)' failed
Tue Aug  7 11:32:25 CEST 2018: kern.warning <4>Aug  7 11:32:25 NetworkManager[1875]: <warn>  [1533634345.4862] failed to enumerate oFono devices: GDBus.Error:org.freedesktop.DBus.Error.ServiceUnknown: The name org.ofono was not provided by any .service files
Tue Aug  7 11:32:25 CEST 2018: mail.err <19>Aug  7 11:32:25 msmtp: host=szerver03.petav.local tls=on auth=on user=host-clients from=root@szerver03.petav.local recipients=root@szerver03.petav.local errormsg='cannot locate host szerver03.petav.local: Name or service not known' exitcode=EX_NOHOST
Tue Aug  7 11:32:25 CEST 2018: mail.err <19>Aug  7 11:32:25 msmtp: host=szerver03.petav.local tls=on auth=on user=host-clients from=root@szerver03.petav.local recipients=root@szerver03.petav.local errormsg='cannot locate host szerver03.petav.local: Name or service not known' exitcode=EX_NOHOST
Tue Aug  7 11:32:25 CEST 2018: mail.err <19>Aug  7 11:32:25 msmtp: host=szerver03.petav.local tls=on auth=on user=host-clients from=root@szerver03.petav.local recipients=root@szerver03.petav.local errormsg='cannot locate host szerver03.petav.local: Name or service not known' exitcode=EX_NOHOST
Tue Aug  7 11:32:25 CEST 2018: mail.err <19>Aug  7 11:32:25 msmtp: host=szerver03.petav.local tls=on auth=on user=host-clients from=root@szerver03.petav.local recipients=root@szerver03.petav.local errormsg='cannot locate host szerver03.petav.local: Name or service not known' exitcode=EX_NOHOST
Tue Aug  7 11:32:26 CEST 2018: mail.err <19>Aug  7 11:32:25 msmtp: message repeated 2 times: [ host=szerver03.petav.local tls=on auth=on user=host-clients from=root@szerver03.petav.local recipients=root@szerver03.petav.local errormsg='cannot locate host szerver03.petav.local: Name or service not known' exitcode=EX_NOHOST]
Tue Aug  7 11:32:26 CEST 2018: mail.err <19>Aug  7 11:32:26 msmtp: host=szerver03.petav.local tls=on auth=on user=host-clients from=root@szerver03.petav.local recipients=root@szerver03.petav.local errormsg='cannot locate host szerver03.petav.local: Name or service not known' exitcode=EX_NOHOST
Tue Aug  7 11:32:27 CEST 2018: mail.err <19>Aug  7 11:32:26 msmtp: host=szerver03.petav.local tls=on auth=on user=host-clients from=root@szerver03.petav.local recipients=root@szerver03.petav.local errormsg='cannot locate host szerver03.petav.local: Name or service not known' exitcode=EX_NOHOST
Tue Aug  7 11:32:27 CEST 2018: authpriv.err <83>Aug  7 11:32:27 lightdm: PAM unable to dlopen(pam_kwallet.so): /lib/security/pam_kwallet.so: cannot open shared object file: No such file or directory
Tue Aug  7 11:32:27 CEST 2018: authpriv.err <83>Aug  7 11:32:27 lightdm: PAM adding faulty module: pam_kwallet.so
Tue Aug  7 11:32:27 CEST 2018: authpriv.err <83>Aug  7 11:32:27 lightdm: PAM unable to dlopen(pam_kwallet5.so): /lib/security/pam_kwallet5.so: cannot open shared object file: No such file or directory
Tue Aug  7 11:32:27 CEST 2018: authpriv.err <83>Aug  7 11:32:27 lightdm: PAM adding faulty module: pam_kwallet5.so
Tue Aug  7 11:32:27 CEST 2018: mail.err <19>Aug  7 11:32:27 msmtp: host=szerver03.petav.local tls=on auth=on user=host-clients from=root@szerver03.petav.local recipients=root@szerver03.petav.local errormsg='cannot locate host szerver03.petav.local: Name or service not known' exitcode=EX_NOHOST
Tue Aug  7 11:32:27 CEST 2018: mail.err <19>Aug  7 11:32:27 msmtp: message repeated 5 times: [ host=szerver03.petav.local tls=on auth=on user=host-clients from=root@szerver03.petav.local recipients=root@szerver03.petav.local errormsg='cannot locate host szerver03.petav.local: Name or service not known' exitcode=EX_NOHOST]
Tue Aug  7 11:32:27 CEST 2018: mail.err <19>Aug  7 11:32:27 msmtp: host=szerver03.petav.local tls=on auth=on user=host-clients from=root@szerver03.petav.local recipients=root@szerver03.petav.local errormsg='cannot locate host szerver03.petav.local: Name or service not known' exitcode=EX_NOHOST
Tue Aug  7 11:32:27 CEST 2018: mail.err <19>Aug  7 11:32:27 msmtp: host=szerver03.petav.local tls=on auth=on user=host-clients from=root@szerver03.petav.local recipients=root@szerver03.petav.local errormsg='cannot locate host szerver03.petav.local: Name or service not known' exitcode=EX_NOHOST
Tue Aug  7 11:32:27 CEST 2018: mail.err <19>Aug  7 11:32:27 msmtp: host=szerver03.petav.local tls=on auth=on user=host-clients from=root@szerver03.petav.local recipients=root@szerver03.petav.local errormsg='cannot locate host szerver03.petav.local: Name or service not known' exitcode=EX_NOHOST
Tue Aug  7 11:32:27 CEST 2018: mail.err <19>Aug  7 11:32:27 msmtp: host=szerver03.petav.local tls=on auth=on user=host-clients from=root@szerver03.petav.local recipients=root@szerver03.petav.local errormsg='cannot locate host szerver03.petav.local: Name or service not known' exitcode=EX_NOHOST
Tue Aug  7 11:32:27 CEST 2018: mail.err <19>Aug  7 11:32:27 msmtp: host=szerver03.petav.local tls=on auth=on user=host-clients from=root@szerver03.petav.local recipients=root@szerver03.petav.local errormsg='cannot locate host szerver03.petav.local: Name or service not known' exitcode=EX_NOHOST
Tue Aug  7 11:32:27 CEST 2018: mail.err <19>Aug  7 11:32:27 msmtp: host=szerver03.petav.local tls=on auth=on user=host-clients from=root@szerver03.petav.local recipients=root@szerver03.petav.local errormsg='cannot locate host szerver03.petav.local: Name or service not known' exitcode=EX_NOHOST
Tue Aug  7 11:32:27 CEST 2018: mail.err <19>Aug  7 11:32:27 msmtp: host=szerver03.petav.local tls=on auth=on user=host-clients from=root@szerver03.petav.local recipients=root@szerver03.petav.local errormsg='cannot locate host szerver03.petav.local: Name or service not known' exitcode=EX_NOHOST
Tue Aug  7 11:32:27 CEST 2018: mail.err <19>Aug  7 11:32:27 msmtp: host=szerver03.petav.local tls=on auth=on user=host-clients from=root@szerver03.petav.local recipients=root@szerver03.petav.local errormsg='cannot locate host szerver03.petav.local: Name or service not known' exitcode=EX_NOHOST
Tue Aug  7 11:32:27 CEST 2018: mail.err <19>Aug  7 11:32:27 msmtp: host=szerver03.petav.local tls=on auth=on user=host-clients from=root@szerver03.petav.local recipients=root@szerver03.petav.local errormsg='cannot locate host szerver03.petav.local: Name or service not known' exitcode=EX_NOHOST
Tue Aug  7 11:32:27 CEST 2018: mail.err <19>Aug  7 11:32:27 msmtp: host=szerver03.petav.local tls=on auth=on user=host-clients from=root@szerver03.petav.local recipients=root@szerver03.petav.local errormsg='cannot locate host szerver03.petav.local: Name or service not known' exitcode=EX_NOHOST
Tue Aug  7 11:32:27 CEST 2018: mail.err <19>Aug  7 11:32:27 msmtp: host=szerver03.petav.local tls=on auth=on user=host-clients from=root@szerver03.petav.local recipients=root@szerver03.petav.local errormsg='cannot locate host szerver03.petav.local: Name or service not known' exitcode=EX_NOHOST
Tue Aug  7 11:32:27 CEST 2018: mail.err <19>Aug  7 11:32:27 msmtp: host=szerver03.petav.local tls=on auth=on user=host-clients from=root@szerver03.petav.local recipients=root@szerver03.petav.local errormsg='cannot locate host szerver03.petav.local: Name or service not known' exitcode=EX_NOHOST
Tue Aug  7 11:32:27 CEST 2018: mail.err <19>Aug  7 11:32:27 msmtp: host=szerver03.petav.local tls=on auth=on user=host-clients from=root@szerver03.petav.local recipients=root@szerver03.petav.local errormsg='cannot locate host szerver03.petav.local: Name or service not known' exitcode=EX_NOHOST
Tue Aug  7 11:32:27 CEST 2018: mail.err <19>Aug  7 11:32:27 msmtp: host=szerver03.petav.local tls=on auth=on user=host-clients from=root@szerver03.petav.local recipients=root@szerver03.petav.local errormsg='cannot locate host szerver03.petav.local: Name or service not known' exitcode=EX_NOHOST
Tue Aug  7 11:32:27 CEST 2018: mail.err <19>Aug  7 11:32:27 msmtp: host=szerver03.petav.local tls=on auth=on user=host-clients from=root@szerver03.petav.local recipients=root@szerver03.petav.local errormsg='cannot locate host szerver03.petav.local: Name or service not known' exitcode=EX_NOHOST
Tue Aug  7 11:32:28 CEST 2018: daemon.warning <28>Aug  7 11:32:28 dnsmasq[2659]: warning: no upstream servers configured
Tue Aug  7 11:32:28 CEST 2018: mail.err <19>Aug  7 11:32:27 msmtp: host=szerver03.petav.local tls=on auth=on user=host-clients from=root@szerver03.petav.local recipients=root@szerver03.petav.local errormsg='cannot locate host szerver03.petav.local: Name or service not known' exitcode=EX_NOHOST
Tue Aug  7 11:32:28 CEST 2018: mail.err <19>Aug  7 11:32:28 msmtp: host=szerver03.petav.local tls=on auth=on user=host-clients from=root@szerver03.petav.local recipients=root@szerver03.petav.local errormsg='cannot locate host szerver03.petav.local: Name or service not known' exitcode=EX_NOHOST
Tue Aug  7 11:32:28 CEST 2018: mail.err <19>Aug  7 11:32:28 msmtp: host=szerver03.petav.local tls=on auth=on user=host-clients from=root@szerver03.petav.local recipients=root@szerver03.petav.local errormsg='cannot locate host szerver03.petav.local: Name or service not known' exitcode=EX_NOHOST
Tue Aug  7 11:32:28 CEST 2018: mail.err <19>Aug  7 11:32:28 msmtp: host=szerver03.petav.local tls=on auth=on user=host-clients from=root@szerver03.petav.local recipients=root@szerver03.petav.local errormsg='cannot locate host szerver03.petav.local: Name or service not known' exitcode=EX_NOHOST
Tue Aug  7 11:32:28 CEST 2018: mail.err <19>Aug  7 11:32:28 msmtp: host=szerver03.petav.local tls=on auth=on user=host-clients from=root@szerver03.petav.local recipients=root@szerver03.petav.local errormsg='cannot locate host szerver03.petav.local: Name or service not known' exitcode=EX_NOHOST
Tue Aug  7 11:32:28 CEST 2018: mail.err <19>Aug  7 11:32:28 msmtp: host=szerver03.petav.local tls=on auth=on user=host-clients from=root@szerver03.petav.local recipients=root@szerver03.petav.local errormsg='cannot locate host szerver03.petav.local: Name or service not known' exitcode=EX_NOHOST
Tue Aug  7 11:32:28 CEST 2018: mail.err <19>Aug  7 11:32:28 msmtp: host=szerver03.petav.local tls=on auth=on user=host-clients from=root@szerver03.petav.local recipients=root@szerver03.petav.local errormsg='cannot locate host szerver03.petav.local: Name or service not known' exitcode=EX_NOHOST
Tue Aug  7 11:32:28 CEST 2018: mail.err <19>Aug  7 11:32:28 msmtp: host=szerver03.petav.local tls=on auth=on user=host-clients from=root@szerver03.petav.local recipients=root@szerver03.petav.local errormsg='cannot locate host szerver03.petav.local: Name or service not known' exitcode=EX_NOHOST
Tue Aug  7 11:32:28 CEST 2018: mail.err <19>Aug  7 11:32:28 msmtp: host=szerver03.petav.local tls=on auth=on user=host-clients from=root@szerver03.petav.local recipients=root@szerver03.petav.local errormsg='cannot locate host szerver03.petav.local: Name or service not known' exitcode=EX_NOHOST
Tue Aug  7 11:32:28 CEST 2018: mail.err <19>Aug  7 11:32:28 msmtp: host=szerver03.petav.local tls=on auth=on user=host-clients from=root@szerver03.petav.local recipients=root@szerver03.petav.local errormsg='cannot locate host szerver03.petav.local: Name or service not known' exitcode=EX_NOHOST
Tue Aug  7 11:32:28 CEST 2018: mail.err <19>Aug  7 11:32:28 msmtp: host=szerver03.petav.local tls=on auth=on user=host-clients from=root@szerver03.petav.local recipients=root@szerver03.petav.local errormsg='cannot locate host szerver03.petav.local: Name or service not known' exitcode=EX_NOHOST
Tue Aug  7 11:32:29 CEST 2018: mail.err <19>Aug  7 11:32:28 msmtp: host=szerver03.petav.local tls=on auth=on user=host-clients from=root@szerver03.petav.local recipients=root@szerver03.petav.local errormsg='cannot locate host szerver03.petav.local: Name or service not known' exitcode=EX_NOHOST
Tue Aug  7 11:32:29 CEST 2018: mail.err <19>Aug  7 11:32:29 msmtp: host=szerver03.petav.local tls=on auth=on user=host-clients from=root@szerver03.petav.local recipients=root@szerver03.petav.local errormsg='cannot locate host szerver03.petav.local: Name or service not known' exitcode=EX_NOHOST
Tue Aug  7 11:32:30 CEST 2018: mail.err <19>Aug  7 11:32:29 msmtp: host=szerver03.petav.local tls=on auth=on user=host-clients from=root@szerver03.petav.local recipients=root@szerver03.petav.local errormsg='cannot locate host szerver03.petav.local: Name or service not known' exitcode=EX_NOHOST
Tue Aug  7 11:32:30 CEST 2018: mail.err <19>Aug  7 11:32:30 msmtp: host=szerver03.petav.local tls=on auth=on user=host-clients from=root@szerver03.petav.local recipients=root@szerver03.petav.local errormsg='cannot locate host szerver03.petav.local: Name or service not known' exitcode=EX_NOHOST
Tue Aug  7 11:32:30 CEST 2018: user.warning <12>Aug  7 11:32:30 org.gnome.ScreenSaver[2716]: ** (gnome-screensaver:2989): WARNING **: Couldn't get presence status: The name org.gnome.SessionManager was not provided by any .service files
Tue Aug  7 11:32:30 CEST 2018: mail.err <19>Aug  7 11:32:30 msmtp: host=szerver03.petav.local tls=on auth=on user=host-clients from=root@szerver03.petav.local recipients=root@szerver03.petav.local errormsg='cannot locate host szerver03.petav.local: Name or service not known' exitcode=EX_NOHOST
Tue Aug  7 11:32:30 CEST 2018: mail.err <19>Aug  7 11:32:30 msmtp: host=szerver03.petav.local tls=on auth=on user=host-clients from=root@szerver03.petav.local recipients=root@szerver03.petav.local errormsg='cannot locate host szerver03.petav.local: Name or service not known' exitcode=EX_NOHOST
Tue Aug  7 11:32:31 CEST 2018: mail.err <19>Aug  7 11:32:30 msmtp: host=szerver03.petav.local tls=on auth=on user=host-clients from=root@szerver03.petav.local recipients=root@szerver03.petav.local errormsg='cannot locate host szerver03.petav.local: Name or service not known' exitcode=EX_NOHOST
Tue Aug  7 11:32:31 CEST 2018: mail.err <19>Aug  7 11:32:31 msmtp: host=szerver03.petav.local tls=on auth=on user=host-clients from=root@szerver03.petav.local recipients=root@szerver03.petav.local errormsg='cannot locate host szerver03.petav.local: Name or service not known' exitcode=EX_NOHOST
Tue Aug  7 11:32:31 CEST 2018: mail.err <19>Aug  7 11:32:31 msmtp: host=szerver03.petav.local tls=on auth=on user=host-clients from=root@szerver03.petav.local recipients=root@szerver03.petav.local errormsg='cannot locate host szerver03.petav.local: Name or service not known' exitcode=EX_NOHOST
Tue Aug  7 11:32:31 CEST 2018: mail.err <19>Aug  7 11:32:31 msmtp: host=szerver03.petav.local tls=on auth=on user=host-clients from=root@szerver03.petav.local recipients=root@szerver03.petav.local errormsg='cannot locate host szerver03.petav.local: Name or service not known' exitcode=EX_NOHOST
Tue Aug  7 11:32:31 CEST 2018: mail.err <19>Aug  7 11:32:31 msmtp: host=szerver03.petav.local tls=on auth=on user=host-clients from=root@szerver03.petav.local recipients=root@szerver03.petav.local errormsg='cannot locate host szerver03.petav.local: Name or service not known' exitcode=EX_NOHOST
Tue Aug  7 11:32:31 CEST 2018: mail.err <19>Aug  7 11:32:31 msmtp: host=szerver03.petav.local tls=on auth=on user=host-clients from=root@szerver03.petav.local recipients=root@szerver03.petav.local errormsg='cannot locate host szerver03.petav.local: Name or service not known' exitcode=EX_NOHOST
Tue Aug  7 11:32:32 CEST 2018: mail.err <19>Aug  7 11:32:31 msmtp: host=szerver03.petav.local tls=on auth=on user=host-clients from=root@szerver03.petav.local recipients=root@szerver03.petav.local errormsg='cannot locate host szerver03.petav.local: Name or service not known' exitcode=EX_NOHOST
Tue Aug  7 11:32:32 CEST 2018: mail.err <19>Aug  7 11:32:32 msmtp: host=szerver03.petav.local tls=on auth=on user=host-clients from=root@szerver03.petav.local recipients=root@szerver03.petav.local errormsg='cannot locate host szerver03.petav.local: Name or service not known' exitcode=EX_NOHOST
Tue Aug  7 11:32:33 CEST 2018: mail.err <19>Aug  7 11:32:32 msmtp: host=szerver03.petav.local tls=on auth=on user=host-clients from=root@szerver03.petav.local recipients=root@szerver03.petav.local errormsg='cannot locate host szerver03.petav.local: Name or service not known' exitcode=EX_NOHOST
Tue Aug  7 11:32:33 CEST 2018: mail.err <19>Aug  7 11:32:33 msmtp: host=szerver03.petav.local tls=on auth=on user=host-clients from=root@szerver03.petav.local recipients=root@szerver03.petav.local errormsg='cannot locate host szerver03.petav.local: Name or service not known' exitcode=EX_NOHOST
Tue Aug  7 11:32:33 CEST 2018: mail.err <19>Aug  7 11:32:33 msmtp: host=szerver03.petav.local tls=on auth=on user=host-clients from=root@szerver03.petav.local recipients=root@szerver03.petav.local errormsg='cannot locate host szerver03.petav.local: Name or service not known' exitcode=EX_NOHOST
Tue Aug  7 11:32:33 CEST 2018: mail.err <19>Aug  7 11:32:33 msmtp: host=szerver03.petav.local tls=on auth=on user=host-clients from=root@szerver03.petav.local recipients=root@szerver03.petav.local errormsg='cannot locate host szerver03.petav.local: Name or service not known' exitcode=EX_NOHOST
Tue Aug  7 11:32:33 CEST 2018: mail.err <19>Aug  7 11:32:33 msmtp: host=szerver03.petav.local tls=on auth=on user=host-clients from=root@szerver03.petav.local recipients=root@szerver03.petav.local errormsg='cannot locate host szerver03.petav.local: Name or service not known' exitcode=EX_NOHOST
Tue Aug  7 11:32:33 CEST 2018: mail.err <19>Aug  7 11:32:33 msmtp: host=szerver03.petav.local tls=on auth=on user=host-clients from=root@szerver03.petav.local recipients=root@szerver03.petav.local errormsg='cannot locate host szerver03.petav.local: Name or service not known' exitcode=EX_NOHOST
Tue Aug  7 11:32:33 CEST 2018: mail.err <19>Aug  7 11:32:33 msmtp: host=szerver03.petav.local tls=on auth=on user=host-clients from=root@szerver03.petav.local recipients=root@szerver03.petav.local errormsg='cannot locate host szerver03.petav.local: Name or service not known' exitcode=EX_NOHOST
Tue Aug  7 11:32:33 CEST 2018: mail.err <19>Aug  7 11:32:33 msmtp: host=szerver03.petav.local tls=on auth=on user=host-clients from=root@szerver03.petav.local recipients=root@szerver03.petav.local errormsg='cannot locate host szerver03.petav.local: Name or service not known' exitcode=EX_NOHOST
Tue Aug  7 11:32:33 CEST 2018: mail.err <19>Aug  7 11:32:33 msmtp: host=szerver03.petav.local tls=on auth=on user=host-clients from=root@szerver03.petav.local recipients=root@szerver03.petav.local errormsg='cannot locate host szerver03.petav.local: Name or service not known' exitcode=EX_NOHOST
Tue Aug  7 11:32:33 CEST 2018: mail.err <19>Aug  7 11:32:33 msmtp: host=szerver03.petav.local tls=on auth=on user=host-clients from=root@szerver03.petav.local recipients=root@szerver03.petav.local errormsg='cannot locate host szerver03.petav.local: Name or service not known' exitcode=EX_NOHOST
Tue Aug  7 11:32:33 CEST 2018: mail.err <19>Aug  7 11:32:33 msmtp: host=szerver03.petav.local tls=on auth=on user=host-clients from=root@szerver03.petav.local recipients=root@szerver03.petav.local errormsg='cannot locate host szerver03.petav.local: Name or service not known' exitcode=EX_NOHOST
Tue Aug  7 11:32:33 CEST 2018: mail.err <19>Aug  7 11:32:33 msmtp: host=szerver03.petav.local tls=on auth=on user=host-clients from=root@szerver03.petav.local recipients=root@szerver03.petav.local errormsg='cannot locate host szerver03.petav.local: Name or service not known' exitcode=EX_NOHOST
Tue Aug  7 11:32:33 CEST 2018: mail.err <19>Aug  7 11:32:33 msmtp: host=szerver03.petav.local tls=on auth=on user=host-clients from=root@szerver03.petav.local recipients=root@szerver03.petav.local errormsg='cannot locate host szerver03.petav.local: Name or service not known' exitcode=EX_NOHOST
Tue Aug  7 11:32:35 CEST 2018: mail.err <19>Aug  7 11:32:33 msmtp: host=szerver03.petav.local tls=on auth=on user=host-clients from=root@szerver03.petav.local recipients=root@szerver03.petav.local errormsg='cannot locate host szerver03.petav.local: Name or service not known' exitcode=EX_NOHOST
Tue Aug  7 11:32:35 CEST 2018: mail.err <19>Aug  7 11:32:35 msmtp: host=szerver03.petav.local tls=on auth=on user=host-clients from=root@szerver03.petav.local recipients=root@szerver03.petav.local errormsg='cannot locate host szerver03.petav.local: Name or service not known' exitcode=EX_NOHOST
Tue Aug  7 11:32:35 CEST 2018: mail.err <19>Aug  7 11:32:35 msmtp: host=szerver03.petav.local tls=on auth=on user=host-clients from=root@szerver03.petav.local recipients=root@szerver03.petav.local errormsg='cannot locate host szerver03.petav.local: Name or service not known' exitcode=EX_NOHOST
Tue Aug  7 11:32:35 CEST 2018: mail.err <19>Aug  7 11:32:35 msmtp: host=szerver03.petav.local tls=on auth=on user=host-clients from=root@szerver03.petav.local recipients=root@szerver03.petav.local errormsg='cannot locate host szerver03.petav.local: Name or service not known' exitcode=EX_NOHOST
Tue Aug  7 11:32:35 CEST 2018: mail.err <19>Aug  7 11:32:35 msmtp: host=szerver03.petav.local tls=on auth=on user=host-clients from=root@szerver03.petav.local recipients=root@szerver03.petav.local errormsg='cannot locate host szerver03.petav.local: Name or service not known' exitcode=EX_NOHOST
Tue Aug  7 11:32:35 CEST 2018: mail.err <19>Aug  7 11:32:35 msmtp: host=szerver03.petav.local tls=on auth=on user=host-clients from=root@szerver03.petav.local recipients=root@szerver03.petav.local errormsg='cannot locate host szerver03.petav.local: Name or service not known' exitcode=EX_NOHOST
Tue Aug  7 11:32:35 CEST 2018: mail.err <19>Aug  7 11:32:35 msmtp: host=szerver03.petav.local tls=on auth=on user=host-clients from=root@szerver03.petav.local recipients=root@szerver03.petav.local errormsg='cannot locate host szerver03.petav.local: Name or service not known' exitcode=EX_NOHOST
Tue Aug  7 11:32:35 CEST 2018: mail.err <19>Aug  7 11:32:35 msmtp: host=szerver03.petav.local tls=on auth=on user=host-clients from=root@szerver03.petav.local recipients=root@szerver03.petav.local errormsg='cannot locate host szerver03.petav.local: Name or service not known' exitcode=EX_NOHOST
Tue Aug  7 11:32:35 CEST 2018: mail.err <19>Aug  7 11:32:35 msmtp: host=szerver03.petav.local tls=on auth=on user=host-clients from=root@szerver03.petav.local recipients=root@szerver03.petav.local errormsg='cannot locate host szerver03.petav.local: Name or service not known' exitcode=EX_NOHOST
Tue Aug  7 11:32:35 CEST 2018: mail.err <19>Aug  7 11:32:35 msmtp: host=szerver03.petav.local tls=on auth=on user=host-clients from=root@szerver03.petav.local recipients=root@szerver03.petav.local errormsg='cannot locate host szerver03.petav.local: Name or service not known' exitcode=EX_NOHOST
Tue Aug  7 11:32:35 CEST 2018: mail.err <19>Aug  7 11:32:35 msmtp: host=szerver03.petav.local tls=on auth=on user=host-clients from=root@szerver03.petav.local recipients=root@szerver03.petav.local errormsg='cannot locate host szerver03.petav.local: Name or service not known' exitcode=EX_NOHOST
Tue Aug  7 11:32:35 CEST 2018: mail.err <19>Aug  7 11:32:35 msmtp: host=szerver03.petav.local tls=on auth=on user=host-clients from=root@szerver03.petav.local recipients=root@szerver03.petav.local errormsg='cannot locate host szerver03.petav.local: Name or service not known' exitcode=EX_NOHOST
Tue Aug  7 11:32:35 CEST 2018: mail.err <19>Aug  7 11:32:35 msmtp: host=szerver03.petav.local tls=on auth=on user=host-clients from=root@szerver03.petav.local recipients=root@szerver03.petav.local errormsg='cannot locate host szerver03.petav.local: Name or service not known' exitcode=EX_NOHOST
Tue Aug  7 11:32:35 CEST 2018: mail.err <19>Aug  7 11:32:35 msmtp: host=szerver03.petav.local tls=on auth=on user=host-clients from=root@szerver03.petav.local recipients=root@szerver03.petav.local errormsg='cannot locate host szerver03.petav.local: Name or service not known' exitcode=EX_NOHOST
Tue Aug  7 11:32:36 CEST 2018: mail.err <19>Aug  7 11:32:35 msmtp: host=szerver03.petav.local tls=on auth=on user=host-clients from=root@szerver03.petav.local recipients=root@szerver03.petav.local errormsg='cannot locate host szerver03.petav.local: Name or service not known' exitcode=EX_NOHOST
Tue Aug  7 11:32:36 CEST 2018: mail.err <19>Aug  7 11:32:36 msmtp: host=szerver03.petav.local tls=on auth=on user=host-clients from=root@szerver03.petav.local recipients=root@szerver03.petav.local errormsg='cannot locate host szerver03.petav.local: Name or service not known' exitcode=EX_NOHOST
Tue Aug  7 11:32:36 CEST 2018: mail.err <19>Aug  7 11:32:36 msmtp: host=szerver03.petav.local tls=on auth=on user=host-clients from=root@szerver03.petav.local recipients=root@szerver03.petav.local errormsg='cannot locate host szerver03.petav.local: Name or service not known' exitcode=EX_NOHOST
Tue Aug  7 11:32:36 CEST 2018: mail.err <19>Aug  7 11:32:36 msmtp: host=szerver03.petav.local tls=on auth=on user=host-clients from=root@szerver03.petav.local recipients=root@szerver03.petav.local errormsg='cannot locate host szerver03.petav.local: Name or service not known' exitcode=EX_NOHOST
Tue Aug  7 11:32:36 CEST 2018: mail.err <19>Aug  7 11:32:36 msmtp: host=szerver03.petav.local tls=on auth=on user=host-clients from=root@szerver03.petav.local recipients=root@szerver03.petav.local errormsg='cannot locate host szerver03.petav.local: Name or service not known' exitcode=EX_NOHOST
Tue Aug  7 11:32:36 CEST 2018: mail.err <19>Aug  7 11:32:36 msmtp: host=szerver03.petav.local tls=on auth=on user=host-clients from=root@szerver03.petav.local recipients=root@szerver03.petav.local errormsg='cannot locate host szerver03.petav.local: Name or service not known' exitcode=EX_NOHOST
Tue Aug  7 11:32:36 CEST 2018: authpriv.err <83>Aug  7 11:32:36 lightdm: PAM unable to dlopen(pam_kwallet.so): /lib/security/pam_kwallet.so: cannot open shared object file: No such file or directory
Tue Aug  7 11:32:36 CEST 2018: authpriv.err <83>Aug  7 11:32:36 lightdm: PAM adding faulty module: pam_kwallet.so
Tue Aug  7 11:32:36 CEST 2018: authpriv.err <83>Aug  7 11:32:36 lightdm: PAM unable to dlopen(pam_kwallet5.so): /lib/security/pam_kwallet5.so: cannot open shared object file: No such file or directory
Tue Aug  7 11:32:36 CEST 2018: authpriv.err <83>Aug  7 11:32:36 lightdm: PAM adding faulty module: pam_kwallet5.so
Tue Aug  7 11:32:36 CEST 2018: mail.err <19>Aug  7 11:32:36 msmtp: host=szerver03.petav.local tls=on auth=on user=host-clients from=root@szerver03.petav.local recipients=root@szerver03.petav.local errormsg='cannot locate host szerver03.petav.local: Name or service not known' exitcode=EX_NOHOST
Tue Aug  7 11:32:37 CEST 2018: mail.err <19>Aug  7 11:32:36 msmtp: message repeated 5 times: [ host=szerver03.petav.local tls=on auth=on user=host-clients from=root@szerver03.petav.local recipients=root@szerver03.petav.local errormsg='cannot locate host szerver03.petav.local: Name or service not known' exitcode=EX_NOHOST]
Tue Aug  7 11:32:37 CEST 2018: mail.err <19>Aug  7 11:32:37 msmtp: host=szerver03.petav.local tls=on auth=on user=host-clients from=root@szerver03.petav.local recipients=root@szerver03.petav.local errormsg='cannot locate host szerver03.petav.local: Name or service not known' exitcode=EX_NOHOST
Tue Aug  7 11:32:37 CEST 2018: mail.err <19>Aug  7 11:32:37 msmtp: host=szerver03.petav.local tls=on auth=on user=host-clients from=root@szerver03.petav.local recipients=root@szerver03.petav.local errormsg='cannot locate host szerver03.petav.local: Name or service not known' exitcode=EX_NOHOST
Tue Aug  7 11:32:37 CEST 2018: mail.err <19>Aug  7 11:32:37 msmtp: host=szerver03.petav.local tls=on auth=on user=host-clients from=root@szerver03.petav.local recipients=root@szerver03.petav.local errormsg='cannot locate host szerver03.petav.local: Name or service not known' exitcode=EX_NOHOST
Tue Aug  7 11:32:38 CEST 2018: mail.err <19>Aug  7 11:32:37 msmtp: host=szerver03.petav.local tls=on auth=on user=host-clients from=root@szerver03.petav.local recipients=root@szerver03.petav.local errormsg='cannot locate host szerver03.petav.local: Name or service not known' exitcode=EX_NOHOST
Tue Aug  7 11:32:38 CEST 2018: mail.err <19>Aug  7 11:32:38 msmtp: host=szerver03.petav.local tls=on auth=on user=host-clients from=root@szerver03.petav.local recipients=root@szerver03.petav.local errormsg='cannot locate host szerver03.petav.local: Name or service not known' exitcode=EX_NOHOST
Tue Aug  7 11:32:38 CEST 2018: mail.err <19>Aug  7 11:32:38 msmtp: host=szerver03.petav.local tls=on auth=on user=host-clients from=root@szerver03.petav.local recipients=root@szerver03.petav.local errormsg='cannot locate host szerver03.petav.local: Name or service not known' exitcode=EX_NOHOST
Tue Aug  7 11:32:38 CEST 2018: mail.err <19>Aug  7 11:32:38 msmtp: host=szerver03.petav.local tls=on auth=on user=host-clients from=root@szerver03.petav.local recipients=root@szerver03.petav.local errormsg='cannot locate host szerver03.petav.local: Name or service not known' exitcode=EX_NOHOST
Tue Aug  7 11:32:39 CEST 2018: mail.err <19>Aug  7 11:32:38 msmtp: host=szerver03.petav.local tls=on auth=on user=host-clients from=root@szerver03.petav.local recipients=root@szerver03.petav.local errormsg='cannot locate host szerver03.petav.local: Name or service not known' exitcode=EX_NOHOST
Tue Aug  7 11:32:39 CEST 2018: mail.err <19>Aug  7 11:32:39 msmtp: host=szerver03.petav.local tls=on auth=on user=host-clients from=root@szerver03.petav.local recipients=root@szerver03.petav.local errormsg='cannot locate host szerver03.petav.local: Name or service not known' exitcode=EX_NOHOST
Tue Aug  7 11:32:39 CEST 2018: mail.err <19>Aug  7 11:32:39 msmtp: host=szerver03.petav.local tls=on auth=on user=host-clients from=root@szerver03.petav.local recipients=root@szerver03.petav.local errormsg='cannot locate host szerver03.petav.local: Name or service not known' exitcode=EX_NOHOST
Tue Aug  7 11:32:39 CEST 2018: mail.err <19>Aug  7 11:32:39 msmtp: host=szerver03.petav.local tls=on auth=on user=host-clients from=root@szerver03.petav.local recipients=root@szerver03.petav.local errormsg='cannot locate host szerver03.petav.local: Name or service not known' exitcode=EX_NOHOST
Tue Aug  7 11:32:40 CEST 2018: mail.err <19>Aug  7 11:32:39 msmtp: host=szerver03.petav.local tls=on auth=on user=host-clients from=root@szerver03.petav.local recipients=root@szerver03.petav.local errormsg='cannot locate host szerver03.petav.local: Name or service not known' exitcode=EX_NOHOST
Tue Aug  7 11:32:40 CEST 2018: mail.err <19>Aug  7 11:32:40 msmtp: host=szerver03.petav.local tls=on auth=on user=host-clients from=root@szerver03.petav.local recipients=root@szerver03.petav.local errormsg='cannot locate host szerver03.petav.local: Name or service not known' exitcode=EX_NOHOST
Tue Aug  7 11:32:40 CEST 2018: mail.err <19>Aug  7 11:32:40 msmtp: host=szerver03.petav.local tls=on auth=on user=host-clients from=root@szerver03.petav.local recipients=root@szerver03.petav.local errormsg='cannot locate host szerver03.petav.local: Name or service not known' exitcode=EX_NOHOST
Tue Aug  7 11:32:40 CEST 2018: mail.err <19>Aug  7 11:32:40 msmtp: host=szerver03.petav.local tls=on auth=on user=host-clients from=root@szerver03.petav.local recipients=root@szerver03.petav.local errormsg='cannot locate host szerver03.petav.local: Name or service not known' exitcode=EX_NOHOST
Tue Aug  7 11:32:41 CEST 2018: mail.err <19>Aug  7 11:32:40 msmtp: host=szerver03.petav.local tls=on auth=on user=host-clients from=root@szerver03.petav.local recipients=root@szerver03.petav.local errormsg='cannot locate host szerver03.petav.local: Name or service not known' exitcode=EX_NOHOST
Tue Aug  7 11:32:41 CEST 2018: mail.err <19>Aug  7 11:32:41 msmtp: host=szerver03.petav.local tls=on auth=on user=host-clients from=root@szerver03.petav.local recipients=root@szerver03.petav.local errormsg='cannot locate host szerver03.petav.local: Name or service not known' exitcode=EX_NOHOST
Tue Aug  7 11:32:55 CEST 2018: user.warning <12>Aug  7 11:32:55 org.gtk.vfs.Daemon[2716]: A connection to the bus can't be made
Tue Aug  7 11:32:55 CEST 2018: user.warning <12>Aug  7 11:32:55 org.gnome.ScreenSaver[2716]: ** Message: Got disconnected from the session message bus; retrying to reconnect every 10 seconds
Tue Aug  7 11:32:54 CEST 2018: mail.err <19>Aug  7 11:32:41 msmtp: host=szerver03.petav.local tls=on auth=on user=host-clients from=root@szerver03.petav.local recipients=root@szerver03.petav.local errormsg='cannot locate host szerver03.petav.local: Name or service not known' exitcode=EX_NOHOST
Tue Aug  7 11:32:55 CEST 2018: authpriv.notice <85>Aug  7 11:32:54 lightdm: pam_unix(lightdm:auth): authentication failure; logname= uid=0 euid=0 tty=:0 ruser= rhost=  user=muhelyszakipar
Tue Aug  7 11:32:56 CEST 2018: daemon.err <27>Aug  7 11:32:55 [sssd[krb5_child[3821]]]: No credentials cache found
Tue Aug  7 11:32:57 CEST 2018: auth.notice <37>Aug  7 11:32:55 dbus[1828]: [system] Failed to activate service 'org.bluez': timed out
Tue Aug  7 11:33:00 CEST 2018: authpriv.notice <85>Aug  7 11:33:00 polkitd(authority=local): Registered Authentication Agent for unix-session:c2 (system bus name :1.33 [/usr/bin/lxsession -s Lubuntu -e LXDE], object path /org/freedesktop/PolicyKit1/AuthenticationAgent, locale hu_HU.UTF-8)
Tue Aug  7 11:33:01 CEST 2018: user.warning <12>Aug  7 11:33:01 org.a11y.Bus[3922]: ** (process:4079): WARNING **: Failed to register client: GDBus.Error:org.freedesktop.DBus.Error.ServiceUnknown: The name org.gnome.SessionManager was not provided by any .service files
Tue Aug  7 11:33:01 CEST 2018: user.warning <12>Aug  7 11:33:01 org.a11y.Bus[3922]: Activating service name='org.a11y.atspi.Registry'
Tue Aug  7 11:33:01 CEST 2018: user.warning <12>Aug  7 11:33:01 org.a11y.Bus[3922]: Successfully activated service 'org.a11y.atspi.Registry'
